<?xml version="1.0" encoding="UTF-8"?>
<!-- Generated by org.testng.reporters.JUnitReportReporter -->
<testsuite hostname="User-PC" failures="0" tests="1" name="com.test.testRunner.TestRunner" time="19.592" errors="0" timestamp="28 Mar 2020 02:14:51 GMT" skipped="0">
  <testcase classname="com.test.testRunner.TestRunner" name="feature" time="19.592"/>
</testsuite> <!-- com.test.testRunner.TestRunner -->
