<?xml version="1.0" encoding="UTF-8"?>
<!-- Generated by org.testng.reporters.JUnitReportReporter -->
<testsuite skipped="0" hostname="AHAMMED" name="allRunner.TestRunner" tests="1" failures="0" timestamp="01 Feb 2020 15:12:02 GMT" time="3.219" errors="0">
  <testcase name="feature" time="3.219" classname="allRunner.TestRunner"/>
</testsuite> <!-- allRunner.TestRunner -->
